<?xml version="1.0" encoding="UTF-8"?>
<!-- Generated by org.testng.reporters.JUnitReportReporter -->
<testsuite hostname="ANGELITO2024" failures="0" tests="1" name="com.magento.tests.LoginTest" time="34.642" errors="0" timestamp="2024-10-06T22:05:00 GMT-05:00" skipped="0">
  <testcase classname="com.magento.tests.LoginTest" name="ForgotthenPass" time="34.642"/>
</testsuite> <!-- com.magento.tests.LoginTest -->
