<?xml version="1.0" encoding="UTF-8"?>
<!-- Generated by org.testng.reporters.JUnitReportReporter -->
<testsuite hostname="ANGELITO2024" failures="0" tests="3" name="com.magento.tests.HomeTest" time="0.025" errors="0" timestamp="2024-09-25T21:08:02 PET" skipped="0">
  <testcase classname="com.magento.tests.HomeTest" name="verifyTitle" time="0.013"/>
  <testcase classname="com.magento.tests.HomeTest" name="verifyLogo" time="0.007"/>
  <testcase classname="com.magento.tests.HomeTest" name="verifyLinkAccount" time="0.005"/>
</testsuite> <!-- com.magento.tests.HomeTest -->
