<?xml version="1.0" encoding="UTF-8"?>
<!-- Generated by org.testng.reporters.JUnitReportReporter -->
<testsuite hostname="NB9747-MINEDU" failures="0" tests="1" name="com.magento.tests.OrderTest" time="13.642" errors="0" timestamp="2024-10-23T13:04:12 GMT-05:00" skipped="0">
  <testcase classname="com.magento.tests.OrderTest" name="MoficarProducto" time="13.642"/>
</testsuite> <!-- com.magento.tests.OrderTest -->
