<?xml version="1.0" encoding="UTF-8"?>
<!-- Generated by org.testng.reporters.JUnitReportReporter -->
<testsuite hostname="NB9747-MINEDU" failures="0" tests="2" name="com.magento.tests.OrderTest" time="20.991" errors="0" timestamp="2024-10-22T18:07:51 GMT-05:00" skipped="0">
  <testcase classname="com.magento.tests.OrderTest" name="EliminarProducto" time="8.678"/>
  <testcase classname="com.magento.tests.OrderTest" name="AddProducto" time="12.313"/>
</testsuite> <!-- com.magento.tests.OrderTest -->
