<?xml version="1.0" encoding="UTF-8"?>
<!-- Generated by org.testng.reporters.JUnitReportReporter -->
<testsuite hostname="ANGELITO2024" failures="0" tests="1" name="com.magento.tests.OrderTest" time="21.954" errors="0" timestamp="2024-10-06T22:58:59 GMT-05:00" skipped="0">
  <testcase classname="com.magento.tests.OrderTest" name="AddProducto" time="21.954"/>
</testsuite> <!-- com.magento.tests.OrderTest -->
