<?xml version="1.0" encoding="UTF-8"?>
<!-- Generated by org.testng.reporters.JUnitReportReporter -->
<testsuite hostname="NB9747-MINEDU" failures="0" tests="1" name="com.magento.tests.RegisterTest" time="8.344" errors="0" timestamp="2024-10-30T16:01:18 GMT-05:00" skipped="0">
  <testcase classname="com.magento.tests.RegisterTest" name="registerCampos" time="8.344"/>
</testsuite> <!-- com.magento.tests.RegisterTest -->
