<?xml version="1.0" encoding="UTF-8"?>
<!-- Generated by org.testng.reporters.JUnitReportReporter -->
<testsuite hostname="NB9747-MINEDU" failures="0" tests="1" name="com.magento.tests.OrderTest" time="9.887" errors="0" timestamp="2024-10-11T17:21:05 GMT-05:00" skipped="0">
  <testcase classname="com.magento.tests.OrderTest" name="AddProducto" time="9.887"/>
</testsuite> <!-- com.magento.tests.OrderTest -->
