<?xml version="1.0" encoding="UTF-8"?>
<!-- Generated by org.testng.reporters.JUnitReportReporter -->
<testsuite hostname="ANGELITO2024" failures="0" tests="1" name="com.magento.tests.RegisterTest" time="11.988" errors="0" timestamp="2024-11-14T06:33:05 GMT-05:00" skipped="0">
  <testcase classname="com.magento.tests.RegisterTest" name="registroCampos" time="11.988"/>
</testsuite> <!-- com.magento.tests.RegisterTest -->
