<?xml version="1.0" encoding="UTF-8"?>
<!-- Generated by org.testng.reporters.JUnitReportReporter -->
<testsuite hostname="ANGELITO2024" failures="0" tests="2" name="com.magento.tests.RegisterTest" time="35.734" errors="0" timestamp="2024-11-09T16:52:30 GMT-05:00" skipped="0">
  <testcase classname="com.magento.tests.RegisterTest" name="CorreoEmailUnico" time="17.017"/>
  <testcase classname="com.magento.tests.RegisterTest" name="CorreoEmailUnico" time="18.717"/>
</testsuite> <!-- com.magento.tests.RegisterTest -->
